<?xml version="1.0" encoding="UTF-8"?>
<coverage generated="1607388322">
  <project timestamp="1607388322">
    <package name="App\Controller">
      <file name="C:\Users\Tony\Desktop\career\symfony\address_book\src\Controller\ContactController.php">
        <class name="App\Controller\ContactController" namespace="App\Controller">
          <metrics complexity="12" methods="5" coveredmethods="0" conditionals="0" coveredconditionals="0" statements="38" coveredstatements="0" elements="43" coveredelements="0"/>
        </class>
        <line num="23" type="method" name="index" visibility="public" complexity="1" crap="2.00" count="0"/>
        <line num="25" type="stmt" count="0"/>
        <line num="26" type="stmt" count="0"/>
        <line num="33" type="method" name="new" visibility="public" complexity="4" crap="20.00" count="0"/>
        <line num="36" type="stmt" count="0"/>
        <line num="37" type="stmt" count="0"/>
        <line num="38" type="stmt" count="0"/>
        <line num="40" type="stmt" count="0"/>
        <line num="41" type="stmt" count="0"/>
        <line num="42" type="stmt" count="0"/>
        <line num="43" type="stmt" count="0"/>
        <line num="44" type="stmt" count="0"/>
        <line num="46" type="stmt" count="0"/>
        <line num="47" type="stmt" count="0"/>
        <line num="48" type="stmt" count="0"/>
        <line num="50" type="stmt" count="0"/>
        <line num="53" type="stmt" count="0"/>
        <line num="54" type="stmt" count="0"/>
        <line num="55" type="stmt" count="0"/>
        <line num="62" type="method" name="show" visibility="public" complexity="1" crap="2.00" count="0"/>
        <line num="64" type="stmt" count="0"/>
        <line num="65" type="stmt" count="0"/>
        <line num="72" type="method" name="edit" visibility="public" complexity="4" crap="20.00" count="0"/>
        <line num="74" type="stmt" count="0"/>
        <line num="75" type="stmt" count="0"/>
        <line num="77" type="stmt" count="0"/>
        <line num="80" type="stmt" count="0"/>
        <line num="81" type="stmt" count="0"/>
        <line num="82" type="stmt" count="0"/>
        <line num="83" type="stmt" count="0"/>
        <line num="84" type="stmt" count="0"/>
        <line num="87" type="stmt" count="0"/>
        <line num="89" type="stmt" count="0"/>
        <line num="92" type="stmt" count="0"/>
        <line num="93" type="stmt" count="0"/>
        <line num="94" type="stmt" count="0"/>
        <line num="101" type="method" name="delete" visibility="public" complexity="2" crap="6.00" count="0"/>
        <line num="103" type="stmt" count="0"/>
        <line num="104" type="stmt" count="0"/>
        <line num="105" type="stmt" count="0"/>
        <line num="106" type="stmt" count="0"/>
        <line num="107" type="stmt" count="0"/>
        <line num="110" type="stmt" count="0"/>
        <metrics loc="112" ncloc="93" classes="1" methods="5" coveredmethods="0" conditionals="0" coveredconditionals="0" statements="38" coveredstatements="0" elements="43" coveredelements="0"/>
      </file>
    </package>
    <package name="App\Entity">
      <file name="C:\Users\Tony\Desktop\career\symfony\address_book\src\Entity\Contact.php">
        <class name="App\Entity\Contact" namespace="App\Entity">
          <metrics complexity="40" methods="20" coveredmethods="20" conditionals="0" coveredconditionals="0" statements="30" coveredstatements="30" elements="50" coveredelements="50"/>
        </class>
        <line num="86" type="method" name="getFirstName" visibility="public" complexity="2" crap="2" count="1"/>
        <line num="88" type="stmt" count="1"/>
        <line num="91" type="method" name="setFirstName" visibility="public" complexity="1" crap="1" count="1"/>
        <line num="93" type="stmt" count="1"/>
        <line num="95" type="stmt" count="1"/>
        <line num="98" type="method" name="getLastName" visibility="public" complexity="2" crap="2" count="1"/>
        <line num="100" type="stmt" count="1"/>
        <line num="103" type="method" name="setLastName" visibility="public" complexity="2" crap="2" count="1"/>
        <line num="105" type="stmt" count="1"/>
        <line num="107" type="stmt" count="1"/>
        <line num="110" type="method" name="getStreetAddress" visibility="public" complexity="2" crap="2" count="1"/>
        <line num="112" type="stmt" count="1"/>
        <line num="115" type="method" name="setStreetAddress" visibility="public" complexity="2" crap="2" count="1"/>
        <line num="117" type="stmt" count="1"/>
        <line num="119" type="stmt" count="1"/>
        <line num="122" type="method" name="getZipCode" visibility="public" complexity="2" crap="2" count="1"/>
        <line num="124" type="stmt" count="1"/>
        <line num="127" type="method" name="setZipCode" visibility="public" complexity="2" crap="2" count="1"/>
        <line num="129" type="stmt" count="1"/>
        <line num="131" type="stmt" count="1"/>
        <line num="134" type="method" name="getCity" visibility="public" complexity="2" crap="2" count="1"/>
        <line num="136" type="stmt" count="1"/>
        <line num="139" type="method" name="setCity" visibility="public" complexity="1" crap="1" count="1"/>
        <line num="141" type="stmt" count="1"/>
        <line num="143" type="stmt" count="1"/>
        <line num="146" type="method" name="getPhoneNumber" visibility="public" complexity="2" crap="2" count="1"/>
        <line num="148" type="stmt" count="1"/>
        <line num="151" type="method" name="setPhoneNumber" visibility="public" complexity="2" crap="2" count="1"/>
        <line num="153" type="stmt" count="1"/>
        <line num="155" type="stmt" count="1"/>
        <line num="158" type="method" name="getBirthDate" visibility="public" complexity="2" crap="2" count="1"/>
        <line num="160" type="stmt" count="1"/>
        <line num="163" type="method" name="setBirthDate" visibility="public" complexity="2" crap="2" count="1"/>
        <line num="165" type="stmt" count="1"/>
        <line num="167" type="stmt" count="1"/>
        <line num="170" type="method" name="getEmailAddress" visibility="public" complexity="2" crap="2" count="1"/>
        <line num="172" type="stmt" count="1"/>
        <line num="175" type="method" name="setEmailAddress" visibility="public" complexity="2" crap="2" count="1"/>
        <line num="177" type="stmt" count="1"/>
        <line num="179" type="stmt" count="1"/>
        <line num="182" type="method" name="getPictureUrl" visibility="public" complexity="2" crap="2" count="1"/>
        <line num="184" type="stmt" count="1"/>
        <line num="187" type="method" name="setPictureUrl" visibility="public" complexity="2" crap="2" count="1"/>
        <line num="189" type="stmt" count="1"/>
        <line num="191" type="stmt" count="1"/>
        <line num="194" type="method" name="getCountry" visibility="public" complexity="2" crap="2" count="1"/>
        <line num="196" type="stmt" count="1"/>
        <line num="199" type="method" name="setCountry" visibility="public" complexity="2" crap="2" count="1"/>
        <line num="201" type="stmt" count="1"/>
        <line num="203" type="stmt" count="1"/>
        <metrics loc="205" ncloc="157" classes="1" methods="20" coveredmethods="20" conditionals="0" coveredconditionals="0" statements="30" coveredstatements="30" elements="50" coveredelements="50"/>
      </file>
    </package>
    <package name="App\Form">
      <file name="C:\Users\Tony\Desktop\career\symfony\address_book\src\Form\ContactType.php">
        <class name="App\Form\ContactType" namespace="App\Form">
          <metrics complexity="2" methods="2" coveredmethods="0" conditionals="0" coveredconditionals="0" statements="26" coveredstatements="0" elements="28" coveredelements="0"/>
        </class>
        <line num="16" type="method" name="buildForm" visibility="public" complexity="1" crap="2.00" count="0"/>
        <line num="19" type="stmt" count="0"/>
        <line num="20" type="stmt" count="0"/>
        <line num="22" type="stmt" count="0"/>
        <line num="23" type="stmt" count="0"/>
        <line num="25" type="stmt" count="0"/>
        <line num="26" type="stmt" count="0"/>
        <line num="28" type="stmt" count="0"/>
        <line num="29" type="stmt" count="0"/>
        <line num="31" type="stmt" count="0"/>
        <line num="32" type="stmt" count="0"/>
        <line num="34" type="stmt" count="0"/>
        <line num="35" type="stmt" count="0"/>
        <line num="37" type="stmt" count="0"/>
        <line num="38" type="stmt" count="0"/>
        <line num="40" type="stmt" count="0"/>
        <line num="41" type="stmt" count="0"/>
        <line num="44" type="stmt" count="0"/>
        <line num="45" type="stmt" count="0"/>
        <line num="47" type="stmt" count="0"/>
        <line num="48" type="stmt" count="0"/>
        <line num="52" type="stmt" count="0"/>
        <line num="53" type="stmt" count="0"/>
        <line num="63" type="stmt" count="0"/>
        <line num="65" type="method" name="configureOptions" visibility="public" complexity="1" crap="2.00" count="0"/>
        <line num="67" type="stmt" count="0"/>
        <line num="68" type="stmt" count="0"/>
        <line num="70" type="stmt" count="0"/>
        <metrics loc="71" ncloc="71" classes="1" methods="2" coveredmethods="0" conditionals="0" coveredconditionals="0" statements="26" coveredstatements="0" elements="28" coveredelements="0"/>
      </file>
    </package>
    <package name="App">
      <file name="C:\Users\Tony\Desktop\career\symfony\address_book\src\Kernel.php">
        <class name="App\Kernel" namespace="App">
          <metrics complexity="6" methods="2" coveredmethods="0" conditionals="0" coveredconditionals="0" statements="15" coveredstatements="0" elements="17" coveredelements="0"/>
        </class>
        <line num="14" type="method" name="configureContainer" visibility="protected" complexity="3" crap="12.00" count="0"/>
        <line num="16" type="stmt" count="0"/>
        <line num="17" type="stmt" count="0"/>
        <line num="19" type="stmt" count="0"/>
        <line num="20" type="stmt" count="0"/>
        <line num="21" type="stmt" count="0"/>
        <line num="22" type="stmt" count="0"/>
        <line num="23" type="stmt" count="0"/>
        <line num="25" type="stmt" count="0"/>
        <line num="27" type="method" name="configureRoutes" visibility="protected" complexity="3" crap="12.00" count="0"/>
        <line num="29" type="stmt" count="0"/>
        <line num="30" type="stmt" count="0"/>
        <line num="32" type="stmt" count="0"/>
        <line num="33" type="stmt" count="0"/>
        <line num="34" type="stmt" count="0"/>
        <line num="35" type="stmt" count="0"/>
        <line num="37" type="stmt" count="0"/>
        <metrics loc="38" ncloc="38" classes="1" methods="2" coveredmethods="0" conditionals="0" coveredconditionals="0" statements="15" coveredstatements="0" elements="17" coveredelements="0"/>
      </file>
    </package>
    <package name="App\Repository">
      <file name="C:\Users\Tony\Desktop\career\symfony\address_book\src\Repository\ContactRepository.php">
        <class name="App\Repository\ContactRepository" namespace="App\Repository">
          <metrics complexity="1" methods="0" coveredmethods="0" conditionals="0" coveredconditionals="0" statements="0" coveredstatements="0" elements="0" coveredelements="0"/>
        </class>
        <metrics loc="22" ncloc="15" classes="0" methods="0" coveredmethods="0" conditionals="0" coveredconditionals="0" statements="0" coveredstatements="0" elements="0" coveredelements="0"/>
      </file>
    </package>
    <package name="App\Service">
      <file name="C:\Users\Tony\Desktop\career\symfony\address_book\src\Service\FileUploader.php">
        <class name="App\Service\FileUploader" namespace="App\Service">
          <metrics complexity="6" methods="4" coveredmethods="0" conditionals="0" coveredconditionals="0" statements="15" coveredstatements="0" elements="19" coveredelements="0"/>
        </class>
        <line num="14" type="method" name="__construct" visibility="public" complexity="1" crap="2.00" count="0"/>
        <line num="16" type="stmt" count="0"/>
        <line num="17" type="stmt" count="0"/>
        <line num="18" type="stmt" count="0"/>
        <line num="20" type="method" name="upload" visibility="public" complexity="2" crap="6.00" count="0"/>
        <line num="22" type="stmt" count="0"/>
        <line num="23" type="stmt" count="0"/>
        <line num="24" type="stmt" count="0"/>
        <line num="27" type="stmt" count="0"/>
        <line num="28" type="stmt" count="0"/>
        <line num="32" type="stmt" count="0"/>
        <line num="35" type="method" name="deleteFile" visibility="public" complexity="2" crap="6.00" count="0"/>
        <line num="37" type="stmt" count="0"/>
        <line num="38" type="stmt" count="0"/>
        <line num="39" type="stmt" count="0"/>
        <line num="40" type="stmt" count="0"/>
        <line num="42" type="stmt" count="0"/>
        <line num="44" type="method" name="getTargetDirectory" visibility="public" complexity="1" crap="2.00" count="0"/>
        <line num="46" type="stmt" count="0"/>
        <metrics loc="48" ncloc="46" classes="1" methods="4" coveredmethods="0" conditionals="0" coveredconditionals="0" statements="15" coveredstatements="0" elements="19" coveredelements="0"/>
      </file>
    </package>
    <metrics files="6" loc="496" ncloc="420" classes="5" methods="33" coveredmethods="20" conditionals="0" coveredconditionals="0" statements="124" coveredstatements="30" elements="157" coveredelements="50"/>
  </project>
</coverage>
